[2024-10-19T16:57:25.055826+00:00] api_logger.INFO: Dispatching request {"requestId":"request_6713e4f50d7c25.78654555","uri":"/ping","method":"GET"} []
[2024-10-19T16:57:25.060467+00:00] api_logger.INFO: UserHandler: ping method called [] []
[2024-10-19T16:57:25.061589+00:00] api_logger.INFO: JsonResponseMiddleware: Handling request {"uri":"/ping","method":"GET"} []
[2024-10-19T16:57:25.061803+00:00] api_logger.INFO: JsonResponseMiddleware: Response content {"content":"{\"ping\":\"pong\"}"} []
[2024-10-19T17:06:10.210200+00:00] api_logger.INFO: Dispatching request {"requestId":"request_6713e7023322a0.86142035","uri":"/check/1","method":"GET"} []
[2024-10-19T17:06:10.215489+00:00] api_logger.INFO: JsonResponseMiddleware: Handling request {"uri":"/check/1","method":"GET"} []
[2024-10-19T17:06:10.219680+00:00] api_logger.INFO: JsonResponseMiddleware: Response content {"content":"{\"id\":\"1\"}"} []
[2024-10-19T17:06:16.187188+00:00] api_logger.INFO: Dispatching request {"requestId":"request_6713e7082d80d3.90384609","uri":"/check/1","method":"GET"} []
[2024-10-19T17:06:16.192437+00:00] api_logger.INFO: JsonResponseMiddleware: Handling request {"uri":"/check/1","method":"GET"} []
[2024-10-19T17:06:16.192602+00:00] api_logger.INFO: JsonResponseMiddleware: Response content {"content":"{\"id\":\"1\"}"} []
[2024-10-19T17:06:38.611403+00:00] api_logger.INFO: Dispatching request {"requestId":"request_6713e71e951e27.78915987","uri":"/check/1","method":"GET"} []
[2024-10-19T17:06:38.638965+00:00] api_logger.ERROR: An error occurred {"message":"Modules\\User\\Handlers\\UserHandler::check(): Argument #1 ($request) must be of type Symfony\\Component\\HttpFoundation\\Request, string given, called in D:\\Code\\apinull\\app\\Http\\Router.php on line 71","stack":"#0 D:\\Code\\apinull\\app\\Http\\Router.php(71): Modules\\User\\Handlers\\UserHandler->check()\n#1 D:\\Code\\apinull\\app\\Http\\Router.php(105): App\\Http\\Router->App\\Http\\{closure}()\n#2 D:\\Code\\apinull\\app\\Http\\Router.php(69): App\\Http\\Router->runMiddlewares()\n#3 D:\\Code\\apinull\\bootstrap.php(45): App\\Http\\Router->dispatch()\n#4 D:\\Code\\apinull\\public\\index.php(3): require_once('...')\n#5 {main}"} []
[2024-10-19T17:06:38.666612+00:00] api_logger.ERROR: Exception caught {"message":"Modules\\User\\Handlers\\UserHandler::check(): Argument #1 ($request) must be of type Symfony\\Component\\HttpFoundation\\Request, string given, called in D:\\Code\\apinull\\app\\Http\\Router.php on line 71","stack":"#0 D:\\Code\\apinull\\app\\Http\\Router.php(71): Modules\\User\\Handlers\\UserHandler->check()\n#1 D:\\Code\\apinull\\app\\Http\\Router.php(105): App\\Http\\Router->App\\Http\\{closure}()\n#2 D:\\Code\\apinull\\app\\Http\\Router.php(69): App\\Http\\Router->runMiddlewares()\n#3 D:\\Code\\apinull\\bootstrap.php(45): App\\Http\\Router->dispatch()\n#4 D:\\Code\\apinull\\public\\index.php(3): require_once('...')\n#5 {main}"} []
[2024-10-19T17:06:38.667490+00:00] api_logger.INFO: JsonResponseMiddleware: Handling request {"uri":"/check/1","method":"GET"} []
[2024-10-19T17:06:38.667720+00:00] api_logger.INFO: JsonResponseMiddleware: Response content {"content":"{\"error\":\"Modules\\\\User\\\\Handlers\\\\UserHandler::check(): Argument #1 ($request) must be of type Symfony\\\\Component\\\\HttpFoundation\\\\Request, string given, called in D:\\\\Code\\\\apinull\\\\app\\\\Http\\\\Router.php on line 71\",\"code\":500}"} []
[2024-10-19T17:12:29.437297+00:00] api_logger.INFO: Dispatching request {"requestId":"request_6713e87d6a9533.17376853","uri":"/check/1","method":"GET"} []
[2024-10-19T17:12:29.442366+00:00] api_logger.INFO: JsonResponseMiddleware: Handling request {"uri":"/check/1","method":"GET"} []
[2024-10-19T17:12:29.442520+00:00] api_logger.INFO: JsonResponseMiddleware: Response content {"content":"{\"id\":\"1\"}"} []
[2024-10-19T17:12:30.611422+00:00] api_logger.INFO: Dispatching request {"requestId":"request_6713e87e952146.38333834","uri":"/check/1","method":"GET"} []
[2024-10-19T17:12:30.615752+00:00] api_logger.INFO: JsonResponseMiddleware: Handling request {"uri":"/check/1","method":"GET"} []
[2024-10-19T17:12:30.616621+00:00] api_logger.INFO: JsonResponseMiddleware: Response content {"content":"{\"id\":\"1\"}"} []
[2024-10-19T17:12:31.060598+00:00] api_logger.INFO: Dispatching request {"requestId":"request_6713e87f0ea829.56544063","uri":"/check/1","method":"GET"} []
[2024-10-19T17:12:31.064913+00:00] api_logger.INFO: JsonResponseMiddleware: Handling request {"uri":"/check/1","method":"GET"} []
[2024-10-19T17:12:31.065066+00:00] api_logger.INFO: JsonResponseMiddleware: Response content {"content":"{\"id\":\"1\"}"} []
[2024-10-19T17:12:35.205261+00:00] api_logger.INFO: Dispatching request {"requestId":"request_6713e88331d557.76545219","uri":"/profile","method":"GET"} []
[2024-10-19T17:12:35.244528+00:00] api_logger.INFO: AuthMiddleware: Handling request {"uri":"/profile","method":"GET"} []
[2024-10-19T17:12:35.244786+00:00] api_logger.WARNING: Unauthorized access attempt {"uri":"/profile"} []
[2024-10-19T17:12:35.244986+00:00] api_logger.ERROR: An error occurred {"message":"App\\Http\\Router::runMiddlewares(): Return value must be of type Symfony\\Component\\HttpFoundation\\Response, array returned","stack":"#0 D:\\Code\\apinull\\app\\Http\\Router.php(77): App\\Http\\Router->runMiddlewares()\n#1 D:\\Code\\apinull\\bootstrap.php(45): App\\Http\\Router->dispatch()\n#2 D:\\Code\\apinull\\public\\index.php(3): require_once('...')\n#3 {main}"} []
[2024-10-19T17:12:35.245781+00:00] api_logger.ERROR: Exception caught {"message":"App\\Http\\Router::runMiddlewares(): Return value must be of type Symfony\\Component\\HttpFoundation\\Response, array returned","stack":"#0 D:\\Code\\apinull\\app\\Http\\Router.php(77): App\\Http\\Router->runMiddlewares()\n#1 D:\\Code\\apinull\\bootstrap.php(45): App\\Http\\Router->dispatch()\n#2 D:\\Code\\apinull\\public\\index.php(3): require_once('...')\n#3 {main}"} []
[2024-10-19T17:12:35.250545+00:00] api_logger.INFO: JsonResponseMiddleware: Handling request {"uri":"/profile","method":"GET"} []
[2024-10-19T17:12:35.250840+00:00] api_logger.INFO: JsonResponseMiddleware: Response content {"content":"{\"error\":\"App\\\\Http\\\\Router::runMiddlewares(): Return value must be of type Symfony\\\\Component\\\\HttpFoundation\\\\Response, array returned\",\"code\":500}"} []
[2024-10-19T17:15:10.750583+00:00] api_logger.INFO: Dispatching request {"requestId":"request_6713e91eb711f2.99891753","uri":"/profile","method":"GET"} []
[2024-10-19T17:15:10.753519+00:00] api_logger.INFO: AuthMiddleware: Handling request {"uri":"/profile","method":"GET"} []
[2024-10-19T17:15:10.753756+00:00] api_logger.WARNING: Unauthorized access attempt {"uri":"/profile"} []
[2024-10-19T17:15:10.753927+00:00] api_logger.ERROR: An error occurred {"message":"App\\Http\\Router::runMiddlewares(): Return value must be of type Symfony\\Component\\HttpFoundation\\Response, array returned","stack":"#0 D:\\Code\\apinull\\app\\Http\\Router.php(77): App\\Http\\Router->runMiddlewares()\n#1 D:\\Code\\apinull\\bootstrap.php(45): App\\Http\\Router->dispatch()\n#2 D:\\Code\\apinull\\public\\index.php(3): require_once('...')\n#3 {main}"} []
[2024-10-19T17:15:10.754674+00:00] api_logger.ERROR: Exception caught {"message":"App\\Http\\Router::runMiddlewares(): Return value must be of type Symfony\\Component\\HttpFoundation\\Response, array returned","stack":"#0 D:\\Code\\apinull\\app\\Http\\Router.php(77): App\\Http\\Router->runMiddlewares()\n#1 D:\\Code\\apinull\\bootstrap.php(45): App\\Http\\Router->dispatch()\n#2 D:\\Code\\apinull\\public\\index.php(3): require_once('...')\n#3 {main}"} []
[2024-10-19T17:15:10.758123+00:00] api_logger.INFO: JsonResponseMiddleware: Handling request {"uri":"/profile","method":"GET"} []
[2024-10-19T17:15:10.758454+00:00] api_logger.INFO: JsonResponseMiddleware: Response content {"content":"{\"error\":\"App\\\\Http\\\\Router::runMiddlewares(): Return value must be of type Symfony\\\\Component\\\\HttpFoundation\\\\Response, array returned\",\"code\":500}"} []
[2024-10-19T17:15:11.547815+00:00] api_logger.INFO: Dispatching request {"requestId":"request_6713e91f859952.37031139","uri":"/profile","method":"GET"} []
[2024-10-19T17:15:11.550003+00:00] api_logger.INFO: AuthMiddleware: Handling request {"uri":"/profile","method":"GET"} []
[2024-10-19T17:15:11.550228+00:00] api_logger.WARNING: Unauthorized access attempt {"uri":"/profile"} []
[2024-10-19T17:15:11.550398+00:00] api_logger.ERROR: An error occurred {"message":"App\\Http\\Router::runMiddlewares(): Return value must be of type Symfony\\Component\\HttpFoundation\\Response, array returned","stack":"#0 D:\\Code\\apinull\\app\\Http\\Router.php(77): App\\Http\\Router->runMiddlewares()\n#1 D:\\Code\\apinull\\bootstrap.php(45): App\\Http\\Router->dispatch()\n#2 D:\\Code\\apinull\\public\\index.php(3): require_once('...')\n#3 {main}"} []
[2024-10-19T17:15:11.551014+00:00] api_logger.ERROR: Exception caught {"message":"App\\Http\\Router::runMiddlewares(): Return value must be of type Symfony\\Component\\HttpFoundation\\Response, array returned","stack":"#0 D:\\Code\\apinull\\app\\Http\\Router.php(77): App\\Http\\Router->runMiddlewares()\n#1 D:\\Code\\apinull\\bootstrap.php(45): App\\Http\\Router->dispatch()\n#2 D:\\Code\\apinull\\public\\index.php(3): require_once('...')\n#3 {main}"} []
[2024-10-19T17:15:11.554687+00:00] api_logger.INFO: JsonResponseMiddleware: Handling request {"uri":"/profile","method":"GET"} []
[2024-10-19T17:15:11.554881+00:00] api_logger.INFO: JsonResponseMiddleware: Response content {"content":"{\"error\":\"App\\\\Http\\\\Router::runMiddlewares(): Return value must be of type Symfony\\\\Component\\\\HttpFoundation\\\\Response, array returned\",\"code\":500}"} []
[2024-10-19T17:15:56.802445+00:00] api_logger.INFO: Dispatching request {"requestId":"request_6713e94cc3c548.74808437","uri":"/profile","method":"GET"} []
[2024-10-19T17:15:56.804508+00:00] api_logger.INFO: AuthMiddleware: Handling request {"uri":"/profile","method":"GET"} []
[2024-10-19T17:15:56.804718+00:00] api_logger.WARNING: Unauthorized access attempt {"uri":"/profile"} []
[2024-10-19T17:15:56.804890+00:00] api_logger.ERROR: An error occurred {"message":"App\\Http\\Router::runMiddlewares(): Return value must be of type Symfony\\Component\\HttpFoundation\\Response, array returned","stack":"#0 D:\\Code\\apinull\\app\\Http\\Router.php(69): App\\Http\\Router->runMiddlewares()\n#1 D:\\Code\\apinull\\bootstrap.php(45): App\\Http\\Router->dispatch()\n#2 D:\\Code\\apinull\\public\\index.php(3): require_once('...')\n#3 {main}"} []
[2024-10-19T17:15:56.805454+00:00] api_logger.ERROR: Exception caught {"message":"App\\Http\\Router::runMiddlewares(): Return value must be of type Symfony\\Component\\HttpFoundation\\Response, array returned","stack":"#0 D:\\Code\\apinull\\app\\Http\\Router.php(69): App\\Http\\Router->runMiddlewares()\n#1 D:\\Code\\apinull\\bootstrap.php(45): App\\Http\\Router->dispatch()\n#2 D:\\Code\\apinull\\public\\index.php(3): require_once('...')\n#3 {main}"} []
[2024-10-19T17:15:56.810551+00:00] api_logger.INFO: JsonResponseMiddleware: Handling request {"uri":"/profile","method":"GET"} []
[2024-10-19T17:15:56.810733+00:00] api_logger.INFO: JsonResponseMiddleware: Response content {"content":"{\"error\":\"App\\\\Http\\\\Router::runMiddlewares(): Return value must be of type Symfony\\\\Component\\\\HttpFoundation\\\\Response, array returned\",\"code\":500}"} []
[2024-10-19T17:16:11.518612+00:00] api_logger.INFO: Dispatching request {"requestId":"request_6713e95b7e7725.57145353","uri":"/profile","method":"GET"} []
[2024-10-19T17:16:11.520805+00:00] api_logger.INFO: AuthMiddleware: Handling request {"uri":"/profile","method":"GET"} []
[2024-10-19T17:16:11.521024+00:00] api_logger.WARNING: Unauthorized access attempt {"uri":"/profile"} []
[2024-10-19T17:16:11.521228+00:00] api_logger.ERROR: An error occurred {"message":"App\\Http\\Router::runMiddlewares(): Return value must be of type Symfony\\Component\\HttpFoundation\\Response, array returned","stack":"#0 D:\\Code\\apinull\\app\\Http\\Router.php(69): App\\Http\\Router->runMiddlewares()\n#1 D:\\Code\\apinull\\bootstrap.php(45): App\\Http\\Router->dispatch()\n#2 D:\\Code\\apinull\\public\\index.php(3): require_once('...')\n#3 {main}"} []
[2024-10-19T17:16:11.521972+00:00] api_logger.ERROR: Exception caught {"message":"App\\Http\\Router::runMiddlewares(): Return value must be of type Symfony\\Component\\HttpFoundation\\Response, array returned","stack":"#0 D:\\Code\\apinull\\app\\Http\\Router.php(69): App\\Http\\Router->runMiddlewares()\n#1 D:\\Code\\apinull\\bootstrap.php(45): App\\Http\\Router->dispatch()\n#2 D:\\Code\\apinull\\public\\index.php(3): require_once('...')\n#3 {main}"} []
[2024-10-19T17:16:11.527167+00:00] api_logger.INFO: JsonResponseMiddleware: Handling request {"uri":"/profile","method":"GET"} []
[2024-10-19T17:16:11.527425+00:00] api_logger.INFO: JsonResponseMiddleware: Response content {"content":"{\"error\":\"App\\\\Http\\\\Router::runMiddlewares(): Return value must be of type Symfony\\\\Component\\\\HttpFoundation\\\\Response, array returned\",\"code\":500}"} []
[2024-10-19T17:16:12.428760+00:00] api_logger.INFO: Dispatching request {"requestId":"request_6713e95c686971.05536160","uri":"/profile","method":"GET"} []
[2024-10-19T17:16:12.432515+00:00] api_logger.INFO: AuthMiddleware: Handling request {"uri":"/profile","method":"GET"} []
[2024-10-19T17:16:12.432774+00:00] api_logger.WARNING: Unauthorized access attempt {"uri":"/profile"} []
[2024-10-19T17:16:12.432962+00:00] api_logger.ERROR: An error occurred {"message":"App\\Http\\Router::runMiddlewares(): Return value must be of type Symfony\\Component\\HttpFoundation\\Response, array returned","stack":"#0 D:\\Code\\apinull\\app\\Http\\Router.php(69): App\\Http\\Router->runMiddlewares()\n#1 D:\\Code\\apinull\\bootstrap.php(45): App\\Http\\Router->dispatch()\n#2 D:\\Code\\apinull\\public\\index.php(3): require_once('...')\n#3 {main}"} []
[2024-10-19T17:16:12.433545+00:00] api_logger.ERROR: Exception caught {"message":"App\\Http\\Router::runMiddlewares(): Return value must be of type Symfony\\Component\\HttpFoundation\\Response, array returned","stack":"#0 D:\\Code\\apinull\\app\\Http\\Router.php(69): App\\Http\\Router->runMiddlewares()\n#1 D:\\Code\\apinull\\bootstrap.php(45): App\\Http\\Router->dispatch()\n#2 D:\\Code\\apinull\\public\\index.php(3): require_once('...')\n#3 {main}"} []
[2024-10-19T17:16:12.436867+00:00] api_logger.INFO: JsonResponseMiddleware: Handling request {"uri":"/profile","method":"GET"} []
[2024-10-19T17:16:12.437514+00:00] api_logger.INFO: JsonResponseMiddleware: Response content {"content":"{\"error\":\"App\\\\Http\\\\Router::runMiddlewares(): Return value must be of type Symfony\\\\Component\\\\HttpFoundation\\\\Response, array returned\",\"code\":500}"} []
[2024-10-19T17:16:12.673276+00:00] api_logger.INFO: Dispatching request {"requestId":"request_6713e95ca3f609.68893008","uri":"/profile","method":"GET"} []
[2024-10-19T17:16:12.677919+00:00] api_logger.INFO: AuthMiddleware: Handling request {"uri":"/profile","method":"GET"} []
[2024-10-19T17:16:12.678168+00:00] api_logger.WARNING: Unauthorized access attempt {"uri":"/profile"} []
[2024-10-19T17:16:12.678338+00:00] api_logger.ERROR: An error occurred {"message":"App\\Http\\Router::runMiddlewares(): Return value must be of type Symfony\\Component\\HttpFoundation\\Response, array returned","stack":"#0 D:\\Code\\apinull\\app\\Http\\Router.php(69): App\\Http\\Router->runMiddlewares()\n#1 D:\\Code\\apinull\\bootstrap.php(45): App\\Http\\Router->dispatch()\n#2 D:\\Code\\apinull\\public\\index.php(3): require_once('...')\n#3 {main}"} []
[2024-10-19T17:16:12.678855+00:00] api_logger.ERROR: Exception caught {"message":"App\\Http\\Router::runMiddlewares(): Return value must be of type Symfony\\Component\\HttpFoundation\\Response, array returned","stack":"#0 D:\\Code\\apinull\\app\\Http\\Router.php(69): App\\Http\\Router->runMiddlewares()\n#1 D:\\Code\\apinull\\bootstrap.php(45): App\\Http\\Router->dispatch()\n#2 D:\\Code\\apinull\\public\\index.php(3): require_once('...')\n#3 {main}"} []
[2024-10-19T17:16:12.681907+00:00] api_logger.INFO: JsonResponseMiddleware: Handling request {"uri":"/profile","method":"GET"} []
[2024-10-19T17:16:12.682092+00:00] api_logger.INFO: JsonResponseMiddleware: Response content {"content":"{\"error\":\"App\\\\Http\\\\Router::runMiddlewares(): Return value must be of type Symfony\\\\Component\\\\HttpFoundation\\\\Response, array returned\",\"code\":500}"} []
[2024-10-19T17:16:12.929851+00:00] api_logger.INFO: Dispatching request {"requestId":"request_6713e95ce2e1d4.52245732","uri":"/profile","method":"GET"} []
[2024-10-19T17:16:12.931882+00:00] api_logger.INFO: AuthMiddleware: Handling request {"uri":"/profile","method":"GET"} []
[2024-10-19T17:16:12.932096+00:00] api_logger.WARNING: Unauthorized access attempt {"uri":"/profile"} []
[2024-10-19T17:16:12.932257+00:00] api_logger.ERROR: An error occurred {"message":"App\\Http\\Router::runMiddlewares(): Return value must be of type Symfony\\Component\\HttpFoundation\\Response, array returned","stack":"#0 D:\\Code\\apinull\\app\\Http\\Router.php(69): App\\Http\\Router->runMiddlewares()\n#1 D:\\Code\\apinull\\bootstrap.php(45): App\\Http\\Router->dispatch()\n#2 D:\\Code\\apinull\\public\\index.php(3): require_once('...')\n#3 {main}"} []
[2024-10-19T17:16:12.932769+00:00] api_logger.ERROR: Exception caught {"message":"App\\Http\\Router::runMiddlewares(): Return value must be of type Symfony\\Component\\HttpFoundation\\Response, array returned","stack":"#0 D:\\Code\\apinull\\app\\Http\\Router.php(69): App\\Http\\Router->runMiddlewares()\n#1 D:\\Code\\apinull\\bootstrap.php(45): App\\Http\\Router->dispatch()\n#2 D:\\Code\\apinull\\public\\index.php(3): require_once('...')\n#3 {main}"} []
[2024-10-19T17:16:12.935809+00:00] api_logger.INFO: JsonResponseMiddleware: Handling request {"uri":"/profile","method":"GET"} []
[2024-10-19T17:16:12.935987+00:00] api_logger.INFO: JsonResponseMiddleware: Response content {"content":"{\"error\":\"App\\\\Http\\\\Router::runMiddlewares(): Return value must be of type Symfony\\\\Component\\\\HttpFoundation\\\\Response, array returned\",\"code\":500}"} []
[2024-10-19T17:16:19.830711+00:00] api_logger.INFO: Dispatching request {"requestId":"request_6713e963ca82c1.24602478","uri":"/profile","method":"GET"} []
[2024-10-19T17:16:19.833456+00:00] api_logger.INFO: AuthMiddleware: Handling request {"uri":"/profile","method":"GET"} []
[2024-10-19T17:16:19.833725+00:00] api_logger.WARNING: Unauthorized access attempt {"uri":"/profile"} []
[2024-10-19T17:16:19.833960+00:00] api_logger.ERROR: An error occurred {"message":"App\\Http\\Router::runMiddlewares(): Return value must be of type Symfony\\Component\\HttpFoundation\\Response, array returned","stack":"#0 D:\\Code\\apinull\\app\\Http\\Router.php(69): App\\Http\\Router->runMiddlewares()\n#1 D:\\Code\\apinull\\bootstrap.php(45): App\\Http\\Router->dispatch()\n#2 D:\\Code\\apinull\\public\\index.php(3): require_once('...')\n#3 {main}"} []
[2024-10-19T17:16:19.834578+00:00] api_logger.ERROR: Exception caught {"message":"App\\Http\\Router::runMiddlewares(): Return value must be of type Symfony\\Component\\HttpFoundation\\Response, array returned","stack":"#0 D:\\Code\\apinull\\app\\Http\\Router.php(69): App\\Http\\Router->runMiddlewares()\n#1 D:\\Code\\apinull\\bootstrap.php(45): App\\Http\\Router->dispatch()\n#2 D:\\Code\\apinull\\public\\index.php(3): require_once('...')\n#3 {main}"} []
[2024-10-19T17:16:19.838046+00:00] api_logger.INFO: JsonResponseMiddleware: Handling request {"uri":"/profile","method":"GET"} []
[2024-10-19T17:16:19.838480+00:00] api_logger.INFO: JsonResponseMiddleware: Response content {"content":"{\"error\":\"App\\\\Http\\\\Router::runMiddlewares(): Return value must be of type Symfony\\\\Component\\\\HttpFoundation\\\\Response, array returned\",\"code\":500}"} []
[2024-10-19T17:17:06.951373+00:00] api_logger.INFO: Dispatching request {"requestId":"request_6713e992e82145.69698201","uri":"/profile","method":"GET"} []
[2024-10-19T17:17:06.953919+00:00] api_logger.INFO: AuthMiddleware: Handling request {"uri":"/profile","method":"GET"} []
[2024-10-19T17:17:06.954136+00:00] api_logger.WARNING: Unauthorized access attempt {"uri":"/profile"} []
[2024-10-19T17:17:06.954308+00:00] api_logger.ERROR: An error occurred {"message":"App\\Http\\Router::runMiddlewares(): Return value must be of type Symfony\\Component\\HttpFoundation\\Response, array returned","stack":"#0 D:\\Code\\apinull\\app\\Http\\Router.php(69): App\\Http\\Router->runMiddlewares()\n#1 D:\\Code\\apinull\\bootstrap.php(45): App\\Http\\Router->dispatch()\n#2 D:\\Code\\apinull\\public\\index.php(3): require_once('...')\n#3 {main}"} []
[2024-10-19T17:17:06.954911+00:00] api_logger.ERROR: Exception caught {"message":"App\\Http\\Router::runMiddlewares(): Return value must be of type Symfony\\Component\\HttpFoundation\\Response, array returned","stack":"#0 D:\\Code\\apinull\\app\\Http\\Router.php(69): App\\Http\\Router->runMiddlewares()\n#1 D:\\Code\\apinull\\bootstrap.php(45): App\\Http\\Router->dispatch()\n#2 D:\\Code\\apinull\\public\\index.php(3): require_once('...')\n#3 {main}"} []
[2024-10-19T17:17:06.959206+00:00] api_logger.INFO: JsonResponseMiddleware: Handling request {"uri":"/profile","method":"GET"} []
[2024-10-19T17:17:06.959627+00:00] api_logger.INFO: JsonResponseMiddleware: Response content {"content":"{\"error\":\"App\\\\Http\\\\Router::runMiddlewares(): Return value must be of type Symfony\\\\Component\\\\HttpFoundation\\\\Response, array returned\",\"code\":500}"} []
[2024-10-19T17:17:07.799048+00:00] api_logger.INFO: Dispatching request {"requestId":"request_6713e993c2f155.81958327","uri":"/profile","method":"GET"} []
[2024-10-19T17:17:07.801103+00:00] api_logger.INFO: AuthMiddleware: Handling request {"uri":"/profile","method":"GET"} []
[2024-10-19T17:17:07.801314+00:00] api_logger.WARNING: Unauthorized access attempt {"uri":"/profile"} []
[2024-10-19T17:17:07.801477+00:00] api_logger.ERROR: An error occurred {"message":"App\\Http\\Router::runMiddlewares(): Return value must be of type Symfony\\Component\\HttpFoundation\\Response, array returned","stack":"#0 D:\\Code\\apinull\\app\\Http\\Router.php(69): App\\Http\\Router->runMiddlewares()\n#1 D:\\Code\\apinull\\bootstrap.php(45): App\\Http\\Router->dispatch()\n#2 D:\\Code\\apinull\\public\\index.php(3): require_once('...')\n#3 {main}"} []
[2024-10-19T17:17:07.801982+00:00] api_logger.ERROR: Exception caught {"message":"App\\Http\\Router::runMiddlewares(): Return value must be of type Symfony\\Component\\HttpFoundation\\Response, array returned","stack":"#0 D:\\Code\\apinull\\app\\Http\\Router.php(69): App\\Http\\Router->runMiddlewares()\n#1 D:\\Code\\apinull\\bootstrap.php(45): App\\Http\\Router->dispatch()\n#2 D:\\Code\\apinull\\public\\index.php(3): require_once('...')\n#3 {main}"} []
[2024-10-19T17:17:07.806622+00:00] api_logger.INFO: JsonResponseMiddleware: Handling request {"uri":"/profile","method":"GET"} []
[2024-10-19T17:17:07.806891+00:00] api_logger.INFO: JsonResponseMiddleware: Response content {"content":"{\"error\":\"App\\\\Http\\\\Router::runMiddlewares(): Return value must be of type Symfony\\\\Component\\\\HttpFoundation\\\\Response, array returned\",\"code\":500}"} []
[2024-10-19T17:17:09.943728+00:00] api_logger.INFO: Dispatching request {"requestId":"request_6713e995e643c8.05164975","uri":"/profile","method":"GET"} []
[2024-10-19T17:17:09.945799+00:00] api_logger.INFO: AuthMiddleware: Handling request {"uri":"/profile","method":"GET"} []
[2024-10-19T17:17:09.946012+00:00] api_logger.WARNING: Unauthorized access attempt {"uri":"/profile"} []
[2024-10-19T17:17:09.946177+00:00] api_logger.ERROR: An error occurred {"message":"App\\Http\\Router::runMiddlewares(): Return value must be of type Symfony\\Component\\HttpFoundation\\Response, array returned","stack":"#0 D:\\Code\\apinull\\app\\Http\\Router.php(69): App\\Http\\Router->runMiddlewares()\n#1 D:\\Code\\apinull\\bootstrap.php(45): App\\Http\\Router->dispatch()\n#2 D:\\Code\\apinull\\public\\index.php(3): require_once('...')\n#3 {main}"} []
[2024-10-19T17:17:09.946728+00:00] api_logger.ERROR: Exception caught {"message":"App\\Http\\Router::runMiddlewares(): Return value must be of type Symfony\\Component\\HttpFoundation\\Response, array returned","stack":"#0 D:\\Code\\apinull\\app\\Http\\Router.php(69): App\\Http\\Router->runMiddlewares()\n#1 D:\\Code\\apinull\\bootstrap.php(45): App\\Http\\Router->dispatch()\n#2 D:\\Code\\apinull\\public\\index.php(3): require_once('...')\n#3 {main}"} []
[2024-10-19T17:17:09.949831+00:00] api_logger.INFO: JsonResponseMiddleware: Handling request {"uri":"/profile","method":"GET"} []
[2024-10-19T17:17:09.950018+00:00] api_logger.INFO: JsonResponseMiddleware: Response content {"content":"{\"error\":\"App\\\\Http\\\\Router::runMiddlewares(): Return value must be of type Symfony\\\\Component\\\\HttpFoundation\\\\Response, array returned\",\"code\":500}"} []
[2024-10-19T17:17:14.181358+00:00] api_logger.INFO: Dispatching request {"requestId":"request_6713e99a2c1782.25521887","uri":"/check/1","method":"GET"} []
[2024-10-19T17:17:14.187433+00:00] api_logger.ERROR: An error occurred {"message":"Modules\\User\\Handlers\\UserHandler::check(): Argument #1 ($request) must be of type Symfony\\Component\\HttpFoundation\\Request, string given, called in D:\\Code\\apinull\\app\\Http\\Router.php on line 71","stack":"#0 D:\\Code\\apinull\\app\\Http\\Router.php(71): Modules\\User\\Handlers\\UserHandler->check()\n#1 D:\\Code\\apinull\\app\\Http\\Router.php(105): App\\Http\\Router->App\\Http\\{closure}()\n#2 D:\\Code\\apinull\\app\\Http\\Router.php(69): App\\Http\\Router->runMiddlewares()\n#3 D:\\Code\\apinull\\bootstrap.php(45): App\\Http\\Router->dispatch()\n#4 D:\\Code\\apinull\\public\\index.php(3): require_once('...')\n#5 {main}"} []
[2024-10-19T17:17:14.189102+00:00] api_logger.ERROR: Exception caught {"message":"Modules\\User\\Handlers\\UserHandler::check(): Argument #1 ($request) must be of type Symfony\\Component\\HttpFoundation\\Request, string given, called in D:\\Code\\apinull\\app\\Http\\Router.php on line 71","stack":"#0 D:\\Code\\apinull\\app\\Http\\Router.php(71): Modules\\User\\Handlers\\UserHandler->check()\n#1 D:\\Code\\apinull\\app\\Http\\Router.php(105): App\\Http\\Router->App\\Http\\{closure}()\n#2 D:\\Code\\apinull\\app\\Http\\Router.php(69): App\\Http\\Router->runMiddlewares()\n#3 D:\\Code\\apinull\\bootstrap.php(45): App\\Http\\Router->dispatch()\n#4 D:\\Code\\apinull\\public\\index.php(3): require_once('...')\n#5 {main}"} []
[2024-10-19T17:17:14.190745+00:00] api_logger.INFO: JsonResponseMiddleware: Handling request {"uri":"/check/1","method":"GET"} []
[2024-10-19T17:17:14.191002+00:00] api_logger.INFO: JsonResponseMiddleware: Response content {"content":"{\"error\":\"Modules\\\\User\\\\Handlers\\\\UserHandler::check(): Argument #1 ($request) must be of type Symfony\\\\Component\\\\HttpFoundation\\\\Request, string given, called in D:\\\\Code\\\\apinull\\\\app\\\\Http\\\\Router.php on line 71\",\"code\":500}"} []
[2024-10-19T17:17:28.551303+00:00] api_logger.INFO: Dispatching request {"requestId":"request_6713e9a8866e27.09000713","uri":"/check/1","method":"GET"} []
[2024-10-19T17:17:28.584036+00:00] api_logger.INFO: JsonResponseMiddleware: Handling request {"uri":"/check/1","method":"GET"} []
[2024-10-19T17:17:28.584190+00:00] api_logger.INFO: JsonResponseMiddleware: Response content {"content":"{\"id\":\"1\"}"} []
[2024-10-19T17:17:32.607169+00:00] api_logger.INFO: Dispatching request {"requestId":"request_6713e9ac940b71.23023888","uri":"/profile","method":"GET"} []
[2024-10-19T17:17:32.611308+00:00] api_logger.INFO: AuthMiddleware: Handling request {"uri":"/profile","method":"GET"} []
[2024-10-19T17:17:32.611593+00:00] api_logger.WARNING: Unauthorized access attempt {"uri":"/profile"} []
[2024-10-19T17:17:32.611784+00:00] api_logger.ERROR: An error occurred {"message":"App\\Http\\Router::runMiddlewares(): Return value must be of type Symfony\\Component\\HttpFoundation\\Response, array returned","stack":"#0 D:\\Code\\apinull\\app\\Http\\Router.php(69): App\\Http\\Router->runMiddlewares()\n#1 D:\\Code\\apinull\\bootstrap.php(45): App\\Http\\Router->dispatch()\n#2 D:\\Code\\apinull\\public\\index.php(3): require_once('...')\n#3 {main}"} []
[2024-10-19T17:17:32.612444+00:00] api_logger.ERROR: Exception caught {"message":"App\\Http\\Router::runMiddlewares(): Return value must be of type Symfony\\Component\\HttpFoundation\\Response, array returned","stack":"#0 D:\\Code\\apinull\\app\\Http\\Router.php(69): App\\Http\\Router->runMiddlewares()\n#1 D:\\Code\\apinull\\bootstrap.php(45): App\\Http\\Router->dispatch()\n#2 D:\\Code\\apinull\\public\\index.php(3): require_once('...')\n#3 {main}"} []
[2024-10-19T17:17:32.617082+00:00] api_logger.INFO: JsonResponseMiddleware: Handling request {"uri":"/profile","method":"GET"} []
[2024-10-19T17:17:32.617266+00:00] api_logger.INFO: JsonResponseMiddleware: Response content {"content":"{\"error\":\"App\\\\Http\\\\Router::runMiddlewares(): Return value must be of type Symfony\\\\Component\\\\HttpFoundation\\\\Response, array returned\",\"code\":500}"} []
[2024-10-19T17:18:23.071638+00:00] api_logger.INFO: Dispatching request {"requestId":"request_6713e9df115319.46031427","uri":"/profile","method":"GET"} []
[2024-10-19T17:18:23.073948+00:00] api_logger.INFO: AuthMiddleware: Handling request {"uri":"/profile","method":"GET"} []
[2024-10-19T17:18:23.074197+00:00] api_logger.WARNING: Unauthorized access attempt {"uri":"/profile"} []
[2024-10-19T17:18:23.074394+00:00] api_logger.ERROR: An error occurred {"message":"App\\Http\\Router::runMiddlewares(): Return value must be of type Symfony\\Component\\HttpFoundation\\Response, array returned","stack":"#0 D:\\Code\\apinull\\app\\Http\\Router.php(69): App\\Http\\Router->runMiddlewares()\n#1 D:\\Code\\apinull\\bootstrap.php(45): App\\Http\\Router->dispatch()\n#2 D:\\Code\\apinull\\public\\index.php(3): require_once('...')\n#3 {main}"} []
[2024-10-19T17:18:23.075021+00:00] api_logger.ERROR: Exception caught {"message":"App\\Http\\Router::runMiddlewares(): Return value must be of type Symfony\\Component\\HttpFoundation\\Response, array returned","stack":"#0 D:\\Code\\apinull\\app\\Http\\Router.php(69): App\\Http\\Router->runMiddlewares()\n#1 D:\\Code\\apinull\\bootstrap.php(45): App\\Http\\Router->dispatch()\n#2 D:\\Code\\apinull\\public\\index.php(3): require_once('...')\n#3 {main}"} []
[2024-10-19T17:18:23.078767+00:00] api_logger.INFO: JsonResponseMiddleware: Handling request {"uri":"/profile","method":"GET"} []
[2024-10-19T17:18:23.079025+00:00] api_logger.INFO: JsonResponseMiddleware: Response content {"content":"{\"error\":\"App\\\\Http\\\\Router::runMiddlewares(): Return value must be of type Symfony\\\\Component\\\\HttpFoundation\\\\Response, array returned\",\"code\":500}"} []
[2024-10-19T17:18:23.934460+00:00] api_logger.INFO: Dispatching request {"requestId":"request_6713e9dfe37952.54005930","uri":"/profile","method":"GET"} []
[2024-10-19T17:18:23.938508+00:00] api_logger.INFO: AuthMiddleware: Handling request {"uri":"/profile","method":"GET"} []
[2024-10-19T17:18:23.938889+00:00] api_logger.WARNING: Unauthorized access attempt {"uri":"/profile"} []
[2024-10-19T17:18:23.939134+00:00] api_logger.ERROR: An error occurred {"message":"App\\Http\\Router::runMiddlewares(): Return value must be of type Symfony\\Component\\HttpFoundation\\Response, array returned","stack":"#0 D:\\Code\\apinull\\app\\Http\\Router.php(69): App\\Http\\Router->runMiddlewares()\n#1 D:\\Code\\apinull\\bootstrap.php(45): App\\Http\\Router->dispatch()\n#2 D:\\Code\\apinull\\public\\index.php(3): require_once('...')\n#3 {main}"} []
[2024-10-19T17:18:23.939705+00:00] api_logger.ERROR: Exception caught {"message":"App\\Http\\Router::runMiddlewares(): Return value must be of type Symfony\\Component\\HttpFoundation\\Response, array returned","stack":"#0 D:\\Code\\apinull\\app\\Http\\Router.php(69): App\\Http\\Router->runMiddlewares()\n#1 D:\\Code\\apinull\\bootstrap.php(45): App\\Http\\Router->dispatch()\n#2 D:\\Code\\apinull\\public\\index.php(3): require_once('...')\n#3 {main}"} []
[2024-10-19T17:18:23.944213+00:00] api_logger.INFO: JsonResponseMiddleware: Handling request {"uri":"/profile","method":"GET"} []
[2024-10-19T17:18:23.944479+00:00] api_logger.INFO: JsonResponseMiddleware: Response content {"content":"{\"error\":\"App\\\\Http\\\\Router::runMiddlewares(): Return value must be of type Symfony\\\\Component\\\\HttpFoundation\\\\Response, array returned\",\"code\":500}"} []
[2024-10-19T17:18:24.122933+00:00] api_logger.INFO: Dispatching request {"requestId":"request_6713e9e01da610.22098967","uri":"/profile","method":"GET"} []
[2024-10-19T17:18:24.127133+00:00] api_logger.INFO: AuthMiddleware: Handling request {"uri":"/profile","method":"GET"} []
[2024-10-19T17:18:24.127365+00:00] api_logger.WARNING: Unauthorized access attempt {"uri":"/profile"} []
[2024-10-19T17:18:24.127539+00:00] api_logger.ERROR: An error occurred {"message":"App\\Http\\Router::runMiddlewares(): Return value must be of type Symfony\\Component\\HttpFoundation\\Response, array returned","stack":"#0 D:\\Code\\apinull\\app\\Http\\Router.php(69): App\\Http\\Router->runMiddlewares()\n#1 D:\\Code\\apinull\\bootstrap.php(45): App\\Http\\Router->dispatch()\n#2 D:\\Code\\apinull\\public\\index.php(3): require_once('...')\n#3 {main}"} []
[2024-10-19T17:18:24.128066+00:00] api_logger.ERROR: Exception caught {"message":"App\\Http\\Router::runMiddlewares(): Return value must be of type Symfony\\Component\\HttpFoundation\\Response, array returned","stack":"#0 D:\\Code\\apinull\\app\\Http\\Router.php(69): App\\Http\\Router->runMiddlewares()\n#1 D:\\Code\\apinull\\bootstrap.php(45): App\\Http\\Router->dispatch()\n#2 D:\\Code\\apinull\\public\\index.php(3): require_once('...')\n#3 {main}"} []
[2024-10-19T17:18:24.131092+00:00] api_logger.INFO: JsonResponseMiddleware: Handling request {"uri":"/profile","method":"GET"} []
[2024-10-19T17:18:24.131270+00:00] api_logger.INFO: JsonResponseMiddleware: Response content {"content":"{\"error\":\"App\\\\Http\\\\Router::runMiddlewares(): Return value must be of type Symfony\\\\Component\\\\HttpFoundation\\\\Response, array returned\",\"code\":500}"} []
[2024-10-19T17:19:15.100604+00:00] api_logger.INFO: Dispatching request {"requestId":"request_6713ea13182ea5.45337915","uri":"/profile","method":"GET"} []
[2024-10-19T17:19:15.106789+00:00] api_logger.INFO: AuthMiddleware: Handling request {"uri":"/profile","method":"GET"} []
[2024-10-19T17:19:15.107200+00:00] api_logger.WARNING: Unauthorized access attempt {"uri":"/profile"} []
[2024-10-19T17:19:15.107464+00:00] api_logger.ERROR: An error occurred {"message":"App\\Http\\Router::runMiddlewares(): Return value must be of type Symfony\\Component\\HttpFoundation\\Response, array returned","stack":"#0 D:\\Code\\apinull\\app\\Http\\Router.php(69): App\\Http\\Router->runMiddlewares()\n#1 D:\\Code\\apinull\\bootstrap.php(45): App\\Http\\Router->dispatch()\n#2 D:\\Code\\apinull\\public\\index.php(3): require_once('...')\n#3 {main}"} []
[2024-10-19T17:19:15.108270+00:00] api_logger.ERROR: Exception caught {"message":"App\\Http\\Router::runMiddlewares(): Return value must be of type Symfony\\Component\\HttpFoundation\\Response, array returned","stack":"#0 D:\\Code\\apinull\\app\\Http\\Router.php(69): App\\Http\\Router->runMiddlewares()\n#1 D:\\Code\\apinull\\bootstrap.php(45): App\\Http\\Router->dispatch()\n#2 D:\\Code\\apinull\\public\\index.php(3): require_once('...')\n#3 {main}"} []
[2024-10-19T17:19:15.113790+00:00] api_logger.INFO: JsonResponseMiddleware: Handling request {"uri":"/profile","method":"GET"} []
[2024-10-19T17:19:15.114534+00:00] api_logger.INFO: JsonResponseMiddleware: Response content {"content":"{\"error\":\"App\\\\Http\\\\Router::runMiddlewares(): Return value must be of type Symfony\\\\Component\\\\HttpFoundation\\\\Response, array returned\",\"code\":500}"} []
[2024-10-19T17:19:15.632956+00:00] api_logger.INFO: Dispatching request {"requestId":"request_6713ea139a2e16.76122886","uri":"/profile","method":"GET"} []
[2024-10-19T17:19:15.636528+00:00] api_logger.INFO: AuthMiddleware: Handling request {"uri":"/profile","method":"GET"} []
[2024-10-19T17:19:15.636750+00:00] api_logger.WARNING: Unauthorized access attempt {"uri":"/profile"} []
[2024-10-19T17:19:15.636922+00:00] api_logger.ERROR: An error occurred {"message":"App\\Http\\Router::runMiddlewares(): Return value must be of type Symfony\\Component\\HttpFoundation\\Response, array returned","stack":"#0 D:\\Code\\apinull\\app\\Http\\Router.php(69): App\\Http\\Router->runMiddlewares()\n#1 D:\\Code\\apinull\\bootstrap.php(45): App\\Http\\Router->dispatch()\n#2 D:\\Code\\apinull\\public\\index.php(3): require_once('...')\n#3 {main}"} []
[2024-10-19T17:19:15.637501+00:00] api_logger.ERROR: Exception caught {"message":"App\\Http\\Router::runMiddlewares(): Return value must be of type Symfony\\Component\\HttpFoundation\\Response, array returned","stack":"#0 D:\\Code\\apinull\\app\\Http\\Router.php(69): App\\Http\\Router->runMiddlewares()\n#1 D:\\Code\\apinull\\bootstrap.php(45): App\\Http\\Router->dispatch()\n#2 D:\\Code\\apinull\\public\\index.php(3): require_once('...')\n#3 {main}"} []
[2024-10-19T17:19:15.641242+00:00] api_logger.INFO: JsonResponseMiddleware: Handling request {"uri":"/profile","method":"GET"} []
[2024-10-19T17:19:15.641465+00:00] api_logger.INFO: JsonResponseMiddleware: Response content {"content":"{\"error\":\"App\\\\Http\\\\Router::runMiddlewares(): Return value must be of type Symfony\\\\Component\\\\HttpFoundation\\\\Response, array returned\",\"code\":500}"} []
[2024-10-19T17:19:16.119932+00:00] api_logger.INFO: Dispatching request {"requestId":"request_6713ea141d2302.34376920","uri":"/profile","method":"GET"} []
[2024-10-19T17:19:16.122101+00:00] api_logger.INFO: AuthMiddleware: Handling request {"uri":"/profile","method":"GET"} []
[2024-10-19T17:19:16.122322+00:00] api_logger.WARNING: Unauthorized access attempt {"uri":"/profile"} []
[2024-10-19T17:19:16.122496+00:00] api_logger.ERROR: An error occurred {"message":"App\\Http\\Router::runMiddlewares(): Return value must be of type Symfony\\Component\\HttpFoundation\\Response, array returned","stack":"#0 D:\\Code\\apinull\\app\\Http\\Router.php(69): App\\Http\\Router->runMiddlewares()\n#1 D:\\Code\\apinull\\bootstrap.php(45): App\\Http\\Router->dispatch()\n#2 D:\\Code\\apinull\\public\\index.php(3): require_once('...')\n#3 {main}"} []
[2024-10-19T17:19:16.123010+00:00] api_logger.ERROR: Exception caught {"message":"App\\Http\\Router::runMiddlewares(): Return value must be of type Symfony\\Component\\HttpFoundation\\Response, array returned","stack":"#0 D:\\Code\\apinull\\app\\Http\\Router.php(69): App\\Http\\Router->runMiddlewares()\n#1 D:\\Code\\apinull\\bootstrap.php(45): App\\Http\\Router->dispatch()\n#2 D:\\Code\\apinull\\public\\index.php(3): require_once('...')\n#3 {main}"} []
[2024-10-19T17:19:16.129051+00:00] api_logger.INFO: JsonResponseMiddleware: Handling request {"uri":"/profile","method":"GET"} []
[2024-10-19T17:19:16.129363+00:00] api_logger.INFO: JsonResponseMiddleware: Response content {"content":"{\"error\":\"App\\\\Http\\\\Router::runMiddlewares(): Return value must be of type Symfony\\\\Component\\\\HttpFoundation\\\\Response, array returned\",\"code\":500}"} []
[2024-10-19T17:20:26.930353+00:00] api_logger.INFO: Dispatching request {"requestId":"request_6713ea5ae2db86.77187442","uri":"/profile","method":"GET"} []
[2024-10-19T17:20:26.960766+00:00] api_logger.ERROR: An error occurred {"message":"App\\Http\\Middlewares\\AuthMiddleware::handle(): Return value must be of type App\\Http\\Middlewares\\Response, Symfony\\Component\\HttpFoundation\\Response returned","stack":"#0 D:\\Code\\apinull\\app\\Http\\Router.php(122): App\\Http\\Middlewares\\AuthMiddleware->handle()\n#1 D:\\Code\\apinull\\app\\Http\\Router.php(69): App\\Http\\Router->runMiddlewares()\n#2 D:\\Code\\apinull\\bootstrap.php(45): App\\Http\\Router->dispatch()\n#3 D:\\Code\\apinull\\public\\index.php(3): require_once('...')\n#4 {main}"} []
[2024-10-19T17:20:26.961462+00:00] api_logger.ERROR: Exception caught {"message":"App\\Http\\Middlewares\\AuthMiddleware::handle(): Return value must be of type App\\Http\\Middlewares\\Response, Symfony\\Component\\HttpFoundation\\Response returned","stack":"#0 D:\\Code\\apinull\\app\\Http\\Router.php(122): App\\Http\\Middlewares\\AuthMiddleware->handle()\n#1 D:\\Code\\apinull\\app\\Http\\Router.php(69): App\\Http\\Router->runMiddlewares()\n#2 D:\\Code\\apinull\\bootstrap.php(45): App\\Http\\Router->dispatch()\n#3 D:\\Code\\apinull\\public\\index.php(3): require_once('...')\n#4 {main}"} []
[2024-10-19T17:20:26.962182+00:00] api_logger.INFO: JsonResponseMiddleware: Handling request {"uri":"/profile","method":"GET"} []
[2024-10-19T17:20:26.962470+00:00] api_logger.INFO: JsonResponseMiddleware: Response content {"content":"{\"error\":\"App\\\\Http\\\\Middlewares\\\\AuthMiddleware::handle(): Return value must be of type App\\\\Http\\\\Middlewares\\\\Response, Symfony\\\\Component\\\\HttpFoundation\\\\Response returned\",\"code\":500}"} []
[2024-10-19T17:20:42.674633+00:00] api_logger.INFO: Dispatching request {"requestId":"request_6713ea6aa48cf0.04683014","uri":"/profile","method":"GET"} []
[2024-10-19T17:20:42.708440+00:00] api_logger.INFO: JsonResponseMiddleware: Handling request {"uri":"/profile","method":"GET"} []
[2024-10-19T17:20:42.708593+00:00] api_logger.INFO: JsonResponseMiddleware: Response content {"content":"{\"username\":\"cacing69\"}"} []
[2024-10-19T17:20:50.217274+00:00] api_logger.INFO: Dispatching request {"requestId":"request_6713ea7234c223.10326018","uri":"/profile","method":"GET"} []
[2024-10-19T17:20:50.247806+00:00] api_logger.INFO: JsonResponseMiddleware: Handling request {"uri":"/profile","method":"GET"} []
[2024-10-19T17:20:50.247982+00:00] api_logger.INFO: JsonResponseMiddleware: Response content {"content":"{\"error\":\"Unauthorized\"}"} []
[2024-10-19T17:22:50.433882+00:00] api_logger.INFO: Dispatching request {"requestId":"request_6713eaea69c0a2.82521642","uri":"/profile","method":"GET"} []
[2024-10-19T17:22:50.467135+00:00] api_logger.WARNING: Bearer token not provided {"uri":"/profile"} []
[2024-10-19T17:22:50.470757+00:00] api_logger.INFO: JsonResponseMiddleware: Handling request {"uri":"/profile","method":"GET"} []
[2024-10-19T17:22:50.471210+00:00] api_logger.INFO: JsonResponseMiddleware: Response content {"content":"{\"username\":\"cacing69\"}"} []
[2024-10-19T17:22:51.170722+00:00] api_logger.INFO: Dispatching request {"requestId":"request_6713eaeb295ab2.45893179","uri":"/profile","method":"GET"} []
[2024-10-19T17:22:51.174387+00:00] api_logger.WARNING: Bearer token not provided {"uri":"/profile"} []
[2024-10-19T17:22:51.177042+00:00] api_logger.INFO: JsonResponseMiddleware: Handling request {"uri":"/profile","method":"GET"} []
[2024-10-19T17:22:51.177264+00:00] api_logger.INFO: JsonResponseMiddleware: Response content {"content":"{\"username\":\"cacing69\"}"} []
[2024-10-19T17:22:51.944300+00:00] api_logger.INFO: Dispatching request {"requestId":"request_6713eaebe66789.62272708","uri":"/profile","method":"GET"} []
[2024-10-19T17:22:51.946456+00:00] api_logger.WARNING: Bearer token not provided {"uri":"/profile"} []
[2024-10-19T17:22:51.949094+00:00] api_logger.INFO: JsonResponseMiddleware: Handling request {"uri":"/profile","method":"GET"} []
[2024-10-19T17:22:51.949306+00:00] api_logger.INFO: JsonResponseMiddleware: Response content {"content":"{\"username\":\"cacing69\"}"} []
[2024-10-19T17:22:55.020254+00:00] api_logger.INFO: Dispatching request {"requestId":"request_6713eaef048bd8.16449936","uri":"/check/1","method":"GET"} []
[2024-10-19T17:22:55.028094+00:00] api_logger.INFO: JsonResponseMiddleware: Handling request {"uri":"/check/1","method":"GET"} []
[2024-10-19T17:22:55.028257+00:00] api_logger.INFO: JsonResponseMiddleware: Response content {"content":"{\"id\":\"1\"}"} []
[2024-10-19T17:23:45.475640+00:00] api_logger.INFO: Dispatching request {"requestId":"request_6713eb2173f3b4.62801743","uri":"/check/1","method":"GET"} []
[2024-10-19T17:25:29.320137+00:00] api_logger.INFO: Dispatching request {"requestId":"request_6713eb894df925.74901750","uri":"/check/1","method":"GET"} []
[2024-10-19T17:25:29.356717+00:00] api_logger.ERROR: An error occurred {"message":"syntax error, unexpected token \"return\"","stack":"#0 D:\\Code\\apinull\\vendor\\composer\\ClassLoader.php(427): Composer\\Autoload\\{closure}()\n#1 [internal function]: Composer\\Autoload\\ClassLoader->loadClass()\n#2 D:\\Code\\apinull\\app\\Http\\Router.php(56): class_exists()\n#3 D:\\Code\\apinull\\bootstrap.php(45): App\\Http\\Router->dispatch()\n#4 D:\\Code\\apinull\\public\\index.php(3): require_once('...')\n#5 {main}"} []
[2024-10-19T17:25:29.357280+00:00] api_logger.ERROR: Exception caught {"message":"syntax error, unexpected token \"return\"","stack":"#0 D:\\Code\\apinull\\vendor\\composer\\ClassLoader.php(427): Composer\\Autoload\\{closure}()\n#1 [internal function]: Composer\\Autoload\\ClassLoader->loadClass()\n#2 D:\\Code\\apinull\\app\\Http\\Router.php(56): class_exists()\n#3 D:\\Code\\apinull\\bootstrap.php(45): App\\Http\\Router->dispatch()\n#4 D:\\Code\\apinull\\public\\index.php(3): require_once('...')\n#5 {main}"} []
[2024-10-19T17:25:29.360362+00:00] api_logger.INFO: JsonResponseMiddleware: Handling request {"uri":"/check/1","method":"GET"} []
[2024-10-19T17:25:29.360600+00:00] api_logger.INFO: JsonResponseMiddleware: Response content {"content":"{\"error\":\"syntax error, unexpected token \\\"return\\\"\",\"code\":500}"} []
[2024-10-19T17:25:36.226937+00:00] api_logger.INFO: Dispatching request {"requestId":"request_6713eb90372382.38062503","uri":"/check/1","method":"GET"} []
[2024-10-19T17:35:37.433551+00:00] api_logger.INFO: Dispatching request {"requestId":"request_6713ede969ac78.36072051","uri":"/check/1","method":"GET"} []
[2024-10-19T17:35:37.470447+00:00] api_logger.INFO: JsonResponseMiddleware: Handling request {"uri":"/check/1","method":"GET"} []
[2024-10-19T17:35:37.470638+00:00] api_logger.INFO: JsonResponseMiddleware: Response content {"content":"{\"id\":\"1\"}"} []
[2024-10-19T17:38:43.005533+00:00] api_logger.INFO: Dispatching request {"requestId":"request_6713eea3012d68.17810931","uri":"/check/1","method":"GET"} []
[2024-10-19T17:38:43.013623+00:00] api_logger.INFO: JsonResponseMiddleware: Handling request {"uri":"/check/1","method":"GET"} []
[2024-10-19T17:38:43.013782+00:00] api_logger.INFO: JsonResponseMiddleware: Response content {"content":"{\"id\":\"1\"}"} []
